<?xml version="1.0" encoding="UTF-8"?>
<!-- Generated by org.testng.reporters.JUnitReportReporter -->
<testsuite hostname="hp" failures="0" tests="1" name="testclasses.Login" time="3.450" errors="0" timestamp="2024-10-12T16:31:46 IST" skipped="0">
  <testcase classname="testclasses.Login" name="VerifyInvalidLogin" time="3.450"/>
  <system-out/>
</testsuite> <!-- testclasses.Login -->
