<?xml version="1.0" encoding="UTF-8"?>
<!-- Generated by org.testng.reporters.JUnitReportReporter -->
<testsuite hostname="hp" failures="0" tests="1" name="testclasses.ResgisterTest" time="8.409" errors="0" timestamp="2024-10-12T17:15:09 IST" skipped="0">
  <testcase classname="testclasses.ResgisterTest" name="NewRegistration" time="8.409"/>
  <system-out/>
</testsuite> <!-- testclasses.ResgisterTest -->
